<?xml version="1.0" encoding="UTF-8"?>
<!-- Generated by org.testng.reporters.JUnitReportReporter -->
<testsuite hostname="DSK-4074" failures="0" tests="2" name="testclasses.ProductListTest" time="4.645" errors="0" timestamp="2024-02-06T14:34:22 IST" skipped="0">
  <testcase classname="testclasses.ProductListTest" name="howeringOnBlueandGreenSneaker" time="2.510"/>
  <system-out/>
  <testcase classname="testclasses.ProductListTest" name="howeringOnBlueandGreenSneaker" time="2.135"/>
  <system-out/>
</testsuite> <!-- testclasses.ProductListTest -->
