<?xml version="1.0" encoding="UTF-8"?>
<!-- Generated by org.testng.reporters.JUnitReportReporter -->
<testsuite hostname="DSK-4074" failures="0" tests="2" name="testclasses.WishListTest" time="1.960" errors="0" timestamp="2024-05-27T17:34:38 IST" skipped="0">
  <testcase classname="testclasses.WishListTest" name="verifyProductAddedtoCartFromWL" time="0.912"/>
  <system-out/>
  <testcase classname="testclasses.WishListTest" name="verifyProductAddedtoCartFromWL" time="1.048"/>
  <system-out/>
</testsuite> <!-- testclasses.WishListTest -->
