<?xml version="1.0" encoding="UTF-8"?>
<!-- Generated by org.testng.reporters.JUnitReportReporter -->
<testsuite hostname="DSK-4074" failures="0" tests="4" name="testclasses.LoginTest" time="2.935" errors="0" timestamp="2024-05-27T17:34:38 IST" skipped="0">
  <testcase classname="testclasses.LoginTest" name="validateTitleofPage" time="0.003"/>
  <system-out/>
  <testcase classname="testclasses.LoginTest" name="validateTitleofPage" time="0.014"/>
  <system-out/>
  <testcase classname="testclasses.LoginTest" name="verifyLogin" time="1.818"/>
  <system-out/>
  <testcase classname="testclasses.LoginTest" name="verifyLogin" time="1.100"/>
  <system-out/>
</testsuite> <!-- testclasses.LoginTest -->
