<?xml version="1.0" encoding="UTF-8"?>
<!-- Generated by org.testng.reporters.JUnitReportReporter -->
<testsuite hostname="DSK-4074" failures="0" tests="8" name="testclasses.HomeTest" time="4.089" errors="0" timestamp="2024-02-06T18:49:44 IST" skipped="0">
  <testcase classname="testclasses.HomeTest" name="selectProduct" time="1.111"/>
  <system-out/>
  <testcase classname="testclasses.HomeTest" name="selectProduct" time="1.148"/>
  <system-out/>
  <testcase classname="testclasses.HomeTest" name="verifyTopmenuAndSidemenu" time="0.144"/>
  <system-out/>
  <testcase classname="testclasses.HomeTest" name="verifyTopmenuAndSidemenu" time="0.053"/>
  <system-out/>
  <testcase classname="testclasses.HomeTest" name="validateTitleofPage" time="0.005"/>
  <system-out/>
  <testcase classname="testclasses.HomeTest" name="validateTitleofPage" time="0.002"/>
  <system-out/>
  <testcase classname="testclasses.HomeTest" name="verifyAddToCartClick" time="0.048"/>
  <system-out/>
  <testcase classname="testclasses.HomeTest" name="verifyAddToCartClick" time="1.578"/>
  <system-out/>
</testsuite> <!-- testclasses.HomeTest -->
