<?xml version="1.0" encoding="UTF-8"?>
<!-- Generated by org.testng.reporters.JUnitReportReporter -->
<testsuite hostname="DSK-4074" failures="0" tests="6" name="testclasses.CheckoutTest" time="11.313" errors="0" timestamp="2024-05-27T17:34:38 IST" skipped="0">
  <testcase classname="testclasses.CheckoutTest" name="proceedToCheckout" time="2.567"/>
  <system-out/>
  <testcase classname="testclasses.CheckoutTest" name="proceedToCheckout" time="3.301"/>
  <system-out/>
  <testcase classname="testclasses.CheckoutTest" name="VerifyPaymentSummery" time="0.698"/>
  <system-out/>
  <testcase classname="testclasses.CheckoutTest" name="VerifyPaymentSummery" time="0.793"/>
  <system-out/>
  <testcase classname="testclasses.CheckoutTest" name="verifyOrderConfirm" time="2.083"/>
  <system-out/>
  <testcase classname="testclasses.CheckoutTest" name="verifyOrderConfirm" time="1.871"/>
  <system-out/>
</testsuite> <!-- testclasses.CheckoutTest -->
