<?xml version="1.0" encoding="UTF-8"?>
<!-- Generated by org.testng.reporters.JUnitReportReporter -->
<testsuite hostname="DSK-4074" failures="0" tests="6" name="testclasses.CheckoutTest" time="10.531" errors="0" timestamp="2024-02-06T17:18:11 IST" skipped="0">
  <testcase classname="testclasses.CheckoutTest" name="proceedToCheckout" time="2.832"/>
  <system-out/>
  <testcase classname="testclasses.CheckoutTest" name="proceedToCheckout" time="2.479"/>
  <system-out/>
  <testcase classname="testclasses.CheckoutTest" name="VerifyPaymentSummery" time="0.000"/>
  <system-out/>
  <testcase classname="testclasses.CheckoutTest" name="VerifyPaymentSummery" time="0.002"/>
  <system-out/>
  <testcase classname="testclasses.CheckoutTest" name="verifyOrderConfirm" time="2.630"/>
  <system-out/>
  <testcase classname="testclasses.CheckoutTest" name="verifyOrderConfirm" time="2.588"/>
  <system-out/>
</testsuite> <!-- testclasses.CheckoutTest -->
