<?xml version="1.0" encoding="UTF-8"?>
<!-- Generated by org.testng.reporters.JUnitReportReporter -->
<testsuite hostname="DSK-4074" failures="0" tests="6" name="testclasses.CartTest" time="4.660" errors="0" timestamp="2024-02-06T17:18:11 IST" skipped="0">
  <testcase classname="testclasses.CartTest" name="changeProductQty" time="0.595"/>
  <system-out/>
  <testcase classname="testclasses.CartTest" name="changeProductQty" time="1.132"/>
  <system-out/>
  <testcase classname="testclasses.CartTest" name="acceptTAndCCheckbox" time="0.229"/>
  <system-out/>
  <testcase classname="testclasses.CartTest" name="acceptTAndCCheckbox" time="0.060"/>
  <system-out/>
  <testcase classname="testclasses.CartTest" name="verifyCheckout" time="1.374"/>
  <system-out/>
  <testcase classname="testclasses.CartTest" name="verifyCheckout" time="1.270"/>
  <system-out/>
</testsuite> <!-- testclasses.CartTest -->
