<?xml version="1.0" encoding="UTF-8"?>
<!-- Generated by org.testng.reporters.JUnitReportReporter -->
<testsuite hostname="DSK-4074" failures="0" tests="6" name="testclasses.CartTest" time="3.942" errors="0" timestamp="2024-02-06T16:41:20 IST" skipped="0">
  <testcase classname="testclasses.CartTest" name="changeProductQty" time="0.591"/>
  <system-out/>
  <testcase classname="testclasses.CartTest" name="changeProductQty" time="0.654"/>
  <system-out/>
  <testcase classname="testclasses.CartTest" name="acceptTAndCCheckbox" time="0.261"/>
  <system-out/>
  <testcase classname="testclasses.CartTest" name="acceptTAndCCheckbox" time="0.059"/>
  <system-out/>
  <testcase classname="testclasses.CartTest" name="verifyCheckout" time="1.198"/>
  <system-out/>
  <testcase classname="testclasses.CartTest" name="verifyCheckout" time="1.179"/>
  <system-out/>
</testsuite> <!-- testclasses.CartTest -->
