<?xml version="1.0" encoding="UTF-8"?>
<!-- Generated by org.testng.reporters.JUnitReportReporter -->
<testsuite hostname="DSK-4074" failures="0" tests="6" name="testclasses.CartTest" time="2.468" errors="0" timestamp="2024-02-06T18:49:44 IST" skipped="0">
  <testcase classname="testclasses.CartTest" name="acceptTAndCCheckbox" time="0.238"/>
  <system-out/>
  <testcase classname="testclasses.CartTest" name="acceptTAndCCheckbox" time="0.065"/>
  <system-out/>
  <testcase classname="testclasses.CartTest" name="verifyCheckout" time="1.026"/>
  <system-out/>
  <testcase classname="testclasses.CartTest" name="verifyCheckout" time="1.122"/>
  <system-out/>
  <testcase classname="testclasses.CartTest" name="validateTitleofPage" time="0.008"/>
  <system-out/>
  <testcase classname="testclasses.CartTest" name="validateTitleofPage" time="0.009"/>
  <system-out/>
</testsuite> <!-- testclasses.CartTest -->
