<?xml version="1.0" encoding="UTF-8"?>
<!-- Generated by org.testng.reporters.JUnitReportReporter -->
<testsuite hostname="DSK-4074" failures="0" tests="6" name="testclasses.CheckoutTest" time="10.886" errors="0" timestamp="2024-02-06T16:41:20 IST" skipped="0">
  <testcase classname="testclasses.CheckoutTest" name="proceedToCheckout" time="2.776"/>
  <system-out/>
  <testcase classname="testclasses.CheckoutTest" name="proceedToCheckout" time="2.473"/>
  <system-out/>
  <testcase classname="testclasses.CheckoutTest" name="VerifyPaymentSummery" time="0.001"/>
  <system-out/>
  <testcase classname="testclasses.CheckoutTest" name="VerifyPaymentSummery" time="0.002"/>
  <system-out/>
  <testcase classname="testclasses.CheckoutTest" name="verifyOrderConfirm" time="2.811"/>
  <system-out/>
  <testcase classname="testclasses.CheckoutTest" name="verifyOrderConfirm" time="2.823"/>
  <system-out/>
</testsuite> <!-- testclasses.CheckoutTest -->
