<?xml version="1.0" encoding="UTF-8"?>
<!-- Generated by org.testng.reporters.JUnitReportReporter -->
<testsuite hostname="DSK-4074" failures="0" tests="2" name="testclasses.WishListTest" time="3.014" errors="0" timestamp="2024-02-06T17:18:11 IST" skipped="0">
  <testcase classname="testclasses.WishListTest" name="verifyProductAddedtoCartFromWL" time="1.517"/>
  <system-out/>
  <testcase classname="testclasses.WishListTest" name="verifyProductAddedtoCartFromWL" time="1.497"/>
  <system-out/>
</testsuite> <!-- testclasses.WishListTest -->
