<?xml version="1.0" encoding="UTF-8"?>
<!-- Generated by org.testng.reporters.JUnitReportReporter -->
<testsuite hostname="DSK-4074" failures="0" tests="4" name="testclasses.LoginTest" time="2.851" errors="0" timestamp="2024-02-14T11:40:33 IST" skipped="0">
  <testcase classname="testclasses.LoginTest" name="validateTitleofPage" time="0.018"/>
  <system-out/>
  <testcase classname="testclasses.LoginTest" name="validateTitleofPage" time="0.004"/>
  <system-out/>
  <testcase classname="testclasses.LoginTest" name="verifyLogin" time="1.668"/>
  <system-out/>
  <testcase classname="testclasses.LoginTest" name="verifyLogin" time="1.161"/>
  <system-out/>
</testsuite> <!-- testclasses.LoginTest -->
