<?xml version="1.0" encoding="UTF-8"?>
<!-- Generated by org.testng.reporters.JUnitReportReporter -->
<testsuite hostname="DSK-4074" failures="0" tests="2" name="testclasses.WishListTest" time="2.010" errors="0" timestamp="2024-02-06T18:48:51 IST" skipped="0">
  <testcase classname="testclasses.WishListTest" name="verifyProductAddedtoCartFromWL" time="1.102"/>
  <system-out/>
  <testcase classname="testclasses.WishListTest" name="verifyProductAddedtoCartFromWL" time="0.908"/>
  <system-out/>
</testsuite> <!-- testclasses.WishListTest -->
