<?xml version="1.0" encoding="UTF-8"?>
<!-- Generated by org.testng.reporters.JUnitReportReporter -->
<testsuite hostname="DSK-4074" failures="0" tests="6" name="testclasses.ProductTest" time="4.260" errors="0" timestamp="2024-02-06T18:49:44 IST" skipped="0">
  <testcase classname="testclasses.ProductTest" name="verifyAddToCart" time="2.285"/>
  <system-out/>
  <testcase classname="testclasses.ProductTest" name="verifyAddToCart" time="0.781"/>
  <system-out/>
  <testcase classname="testclasses.ProductTest" name="validateTitleofPage" time="0.003"/>
  <system-out/>
  <testcase classname="testclasses.ProductTest" name="validateTitleofPage" time="0.008"/>
  <system-out/>
  <testcase classname="testclasses.ProductTest" name="verifyNavigation" time="0.598"/>
  <system-out/>
  <testcase classname="testclasses.ProductTest" name="verifyNavigation" time="0.585"/>
  <system-out/>
</testsuite> <!-- testclasses.ProductTest -->
