<?xml version="1.0" encoding="UTF-8"?>
<!-- Generated by org.testng.reporters.JUnitReportReporter -->
<testsuite hostname="DSK-4074" failures="0" tests="3" name="testclasses.HomeTest" time="1.577" errors="0" timestamp="2024-02-14T11:40:33 IST" skipped="0">
  <testcase classname="testclasses.HomeTest" name="verifyTopmenuAndSidemenu" time="0.230"/>
  <system-out/>
  <testcase classname="testclasses.HomeTest" name="clickingOnAPPARELandSHOES" time="0.682"/>
  <system-out/>
  <testcase classname="testclasses.HomeTest" name="clickingOnAPPARELandSHOES" time="0.665"/>
  <system-out/>
</testsuite> <!-- testclasses.HomeTest -->
