<?xml version="1.0" encoding="UTF-8"?>
<!-- Generated by org.testng.reporters.JUnitReportReporter -->
<testsuite hostname="DSK-4074" failures="0" tests="8" name="testclasses.HomeTest" time="3.804" errors="0" timestamp="2024-02-06T14:50:44 IST" skipped="0">
  <testcase classname="testclasses.HomeTest" name="verifyTopmenuAndSidemenu" time="0.148"/>
  <system-out/>
  <testcase classname="testclasses.HomeTest" name="selectProduct" time="1.148"/>
  <system-out/>
  <testcase classname="testclasses.HomeTest" name="selectProduct" time="1.251"/>
  <system-out/>
  <testcase classname="testclasses.HomeTest" name="verifyTopmenuAndSidemenu" time="0.059"/>
  <system-out/>
  <testcase classname="testclasses.HomeTest" name="validateTitleofPage" time="0.007"/>
  <system-out/>
  <testcase classname="testclasses.HomeTest" name="validateTitleofPage" time="0.003"/>
  <system-out/>
  <testcase classname="testclasses.HomeTest" name="verifyAddToCartClick" time="1.139"/>
  <system-out/>
  <testcase classname="testclasses.HomeTest" name="verifyAddToCartClick" time="0.049"/>
  <system-out/>
</testsuite> <!-- testclasses.HomeTest -->
