<?xml version="1.0" encoding="UTF-8"?>
<!-- Generated by org.testng.reporters.JUnitReportReporter -->
<testsuite hostname="DSK-4074" failures="0" tests="4" name="testclasses.LoginTest" time="3.246" errors="0" timestamp="2024-02-06T14:50:44 IST" skipped="0">
  <testcase classname="testclasses.LoginTest" name="validateTitleofPage" time="0.004"/>
  <system-out/>
  <testcase classname="testclasses.LoginTest" name="validateTitleofPage" time="0.012"/>
  <system-out/>
  <testcase classname="testclasses.LoginTest" name="verifyLogin" time="1.791"/>
  <system-out/>
  <testcase classname="testclasses.LoginTest" name="verifyLogin" time="1.439"/>
  <system-out/>
</testsuite> <!-- testclasses.LoginTest -->
