<?xml version="1.0" encoding="UTF-8"?>
<!-- Generated by org.testng.reporters.JUnitReportReporter -->
<testsuite hostname="DSK-4074" failures="0" tests="6" name="testclasses.CartTest" time="3.649" errors="0" timestamp="2024-05-27T17:34:38 IST" skipped="0">
  <testcase classname="testclasses.CartTest" name="changeProductQty" time="0.595"/>
  <system-out/>
  <testcase classname="testclasses.CartTest" name="changeProductQty" time="0.614"/>
  <system-out/>
  <testcase classname="testclasses.CartTest" name="acceptTAndCCheckbox" time="0.234"/>
  <system-out/>
  <testcase classname="testclasses.CartTest" name="acceptTAndCCheckbox" time="0.070"/>
  <system-out/>
  <testcase classname="testclasses.CartTest" name="verifyCheckout" time="1.069"/>
  <system-out/>
  <testcase classname="testclasses.CartTest" name="verifyCheckout" time="1.067"/>
  <system-out/>
</testsuite> <!-- testclasses.CartTest -->
