<?xml version="1.0" encoding="UTF-8"?>
<!-- Generated by org.testng.reporters.JUnitReportReporter -->
<testsuite hostname="DSK-4074" failures="0" tests="3" name="testclasses.HomeTest" time="1.585" errors="0" timestamp="2024-02-06T16:41:20 IST" skipped="0">
  <testcase classname="testclasses.HomeTest" name="verifyTopmenuAndSidemenu" time="0.157"/>
  <system-out/>
  <testcase classname="testclasses.HomeTest" name="clickingOnAPPARELandSHOES" time="0.692"/>
  <system-out/>
  <testcase classname="testclasses.HomeTest" name="clickingOnAPPARELandSHOES" time="0.736"/>
  <system-out/>
</testsuite> <!-- testclasses.HomeTest -->
