<?xml version="1.0" encoding="UTF-8"?>
<!-- Generated by org.testng.reporters.JUnitReportReporter -->
<testsuite hostname="DSK-4074" failures="0" tests="4" name="testclasses.CheckoutTest" time="5.420" errors="0" timestamp="2024-02-06T14:50:44 IST" skipped="0">
  <testcase classname="testclasses.CheckoutTest" name="proceedToCheckout" time="2.559"/>
  <system-out/>
  <testcase classname="testclasses.CheckoutTest" name="proceedToCheckout" time="2.859"/>
  <system-out/>
  <testcase classname="testclasses.CheckoutTest" name="VerifyPaymentSummery" time="0.001"/>
  <system-out/>
  <testcase classname="testclasses.CheckoutTest" name="VerifyPaymentSummery" time="0.001"/>
  <system-out/>
</testsuite> <!-- testclasses.CheckoutTest -->
