<?xml version="1.0" encoding="UTF-8"?>
<!-- Generated by org.testng.reporters.JUnitReportReporter -->
<testsuite hostname="DSK-4074" failures="0" tests="2" name="testclasses.WishListTest" time="1.875" errors="0" timestamp="2024-02-06T14:34:22 IST" skipped="0">
  <testcase classname="testclasses.WishListTest" name="verifyProductAddedtoCartFromWL" time="1.014"/>
  <system-out/>
  <testcase classname="testclasses.WishListTest" name="verifyProductAddedtoCartFromWL" time="0.861"/>
  <system-out/>
</testsuite> <!-- testclasses.WishListTest -->
