<?xml version="1.0" encoding="UTF-8"?>
<!-- Generated by org.testng.reporters.JUnitReportReporter -->
<testsuite hostname="DSK-4074" failures="0" tests="2" name="testclasses.ProductListTest" time="4.973" errors="0" timestamp="2024-05-27T17:34:38 IST" skipped="0">
  <testcase classname="testclasses.ProductListTest" name="howeringOnBlueandGreenSneaker" time="2.462"/>
  <system-out/>
  <testcase classname="testclasses.ProductListTest" name="howeringOnBlueandGreenSneaker" time="2.511"/>
  <system-out/>
</testsuite> <!-- testclasses.ProductListTest -->
