<?xml version="1.0" encoding="UTF-8"?>
<!-- Generated by org.testng.reporters.JUnitReportReporter -->
<testsuite hostname="DSK-4074" failures="0" tests="6" name="testclasses.ProductTest" time="5.421" errors="0" timestamp="2024-02-06T14:50:44 IST" skipped="0">
  <testcase classname="testclasses.ProductTest" name="verifyAddToCart" time="0.796"/>
  <system-out/>
  <testcase classname="testclasses.ProductTest" name="verifyAddToCart" time="2.302"/>
  <system-out/>
  <testcase classname="testclasses.ProductTest" name="validateTitleofPage" time="0.003"/>
  <system-out/>
  <testcase classname="testclasses.ProductTest" name="validateTitleofPage" time="0.007"/>
  <system-out/>
  <testcase classname="testclasses.ProductTest" name="verifyNavigation" time="0.706"/>
  <system-out/>
  <testcase classname="testclasses.ProductTest" name="verifyNavigation" time="1.607"/>
  <system-out/>
</testsuite> <!-- testclasses.ProductTest -->
