<?xml version="1.0" encoding="UTF-8"?>
<!-- Generated by org.testng.reporters.JUnitReportReporter -->
<testsuite hostname="DSK-4074" failures="0" tests="4" name="testclasses.LoginTest" time="2.835" errors="0" timestamp="2024-02-06T17:18:11 IST" skipped="0">
  <testcase classname="testclasses.LoginTest" name="validateTitleofPage" time="0.012"/>
  <system-out/>
  <testcase classname="testclasses.LoginTest" name="validateTitleofPage" time="0.006"/>
  <system-out/>
  <testcase classname="testclasses.LoginTest" name="verifyLogin" time="1.160"/>
  <system-out/>
  <testcase classname="testclasses.LoginTest" name="verifyLogin" time="1.657"/>
  <system-out/>
</testsuite> <!-- testclasses.LoginTest -->
