<?xml version="1.0" encoding="UTF-8"?>
<!-- Generated by org.testng.reporters.JUnitReportReporter -->
<testsuite hostname="DSK-4074" failures="0" tests="6" name="testclasses.CartTest" time="4.066" errors="0" timestamp="2024-02-14T11:40:33 IST" skipped="0">
  <testcase classname="testclasses.CartTest" name="changeProductQty" time="0.605"/>
  <system-out/>
  <testcase classname="testclasses.CartTest" name="changeProductQty" time="1.048"/>
  <system-out/>
  <testcase classname="testclasses.CartTest" name="acceptTAndCCheckbox" time="0.065"/>
  <system-out/>
  <testcase classname="testclasses.CartTest" name="acceptTAndCCheckbox" time="0.237"/>
  <system-out/>
  <testcase classname="testclasses.CartTest" name="verifyCheckout" time="0.999"/>
  <system-out/>
  <testcase classname="testclasses.CartTest" name="verifyCheckout" time="1.112"/>
  <system-out/>
</testsuite> <!-- testclasses.CartTest -->
