<?xml version="1.0" encoding="UTF-8"?>
<!-- Generated by org.testng.reporters.JUnitReportReporter -->
<testsuite hostname="DSK-4074" failures="0" tests="4" name="testclasses.LoginTest" time="2.830" errors="0" timestamp="2024-02-06T16:41:20 IST" skipped="0">
  <testcase classname="testclasses.LoginTest" name="validateTitleofPage" time="0.015"/>
  <system-out/>
  <testcase classname="testclasses.LoginTest" name="validateTitleofPage" time="0.005"/>
  <system-out/>
  <testcase classname="testclasses.LoginTest" name="verifyLogin" time="1.083"/>
  <system-out/>
  <testcase classname="testclasses.LoginTest" name="verifyLogin" time="1.727"/>
  <system-out/>
</testsuite> <!-- testclasses.LoginTest -->
