<?xml version="1.0" encoding="UTF-8"?>
<!-- Generated by org.testng.reporters.JUnitReportReporter -->
<testsuite hostname="DSK-4074" failures="0" tests="6" name="testclasses.CheckoutTest" time="10.765" errors="0" timestamp="2024-02-14T11:40:33 IST" skipped="0">
  <testcase classname="testclasses.CheckoutTest" name="proceedToCheckout" time="2.243"/>
  <system-out/>
  <testcase classname="testclasses.CheckoutTest" name="proceedToCheckout" time="2.776"/>
  <system-out/>
  <testcase classname="testclasses.CheckoutTest" name="VerifyPaymentSummery" time="0.837"/>
  <system-out/>
  <testcase classname="testclasses.CheckoutTest" name="VerifyPaymentSummery" time="0.665"/>
  <system-out/>
  <testcase classname="testclasses.CheckoutTest" name="verifyOrderConfirm" time="2.552"/>
  <system-out/>
  <testcase classname="testclasses.CheckoutTest" name="verifyOrderConfirm" time="1.692"/>
  <system-out/>
</testsuite> <!-- testclasses.CheckoutTest -->
