<?xml version="1.0" encoding="UTF-8"?>
<!-- Generated by org.testng.reporters.JUnitReportReporter -->
<testsuite hostname="DSK-4074" failures="0" tests="3" name="testclasses.HomeTest" time="3.543" errors="0" timestamp="2024-02-06T17:18:11 IST" skipped="0">
  <testcase classname="testclasses.HomeTest" name="verifyTopmenuAndSidemenu" time="0.635"/>
  <system-out/>
  <testcase classname="testclasses.HomeTest" name="clickingOnAPPARELandSHOES" time="1.968"/>
  <system-out/>
  <testcase classname="testclasses.HomeTest" name="clickingOnAPPARELandSHOES" time="0.940"/>
  <system-out/>
</testsuite> <!-- testclasses.HomeTest -->
