<?xml version="1.0" encoding="UTF-8"?>
<!-- Generated by org.testng.reporters.JUnitReportReporter -->
<testsuite hostname="DSK-4074" failures="0" tests="2" name="testclasses.ProductListTest" time="5.379" errors="0" timestamp="2024-02-06T18:48:51 IST" skipped="0">
  <testcase classname="testclasses.ProductListTest" name="howeringOnBlueandGreenSneaker" time="2.449"/>
  <system-out/>
  <testcase classname="testclasses.ProductListTest" name="howeringOnBlueandGreenSneaker" time="2.930"/>
  <system-out/>
</testsuite> <!-- testclasses.ProductListTest -->
