<?xml version="1.0" encoding="UTF-8"?>
<!-- Generated by org.testng.reporters.JUnitReportReporter -->
<testsuite hostname="DSK-4074" failures="0" tests="6" name="testclasses.CheckoutTest" time="10.385" errors="0" timestamp="2024-02-06T18:49:44 IST" skipped="2">
  <testcase classname="testclasses.CheckoutTest" name="proceedToCheckout" time="2.529"/>
  <system-out/>
  <testcase classname="testclasses.CheckoutTest" name="proceedToCheckout" time="2.352"/>
  <system-out/>
  <testcase classname="testclasses.CheckoutTest" name="verifyOrderConfirm" time="2.374"/>
  <system-out/>
  <testcase classname="testclasses.CheckoutTest" name="verifyOrderConfirm" time="3.130"/>
  <system-out/>
  <testcase classname="testclasses.CheckoutTest" name="VerifyPaymentSummery">
    <skipped/>
  </testcase> <!-- VerifyPaymentSummery -->
  <system-out/>
  <testcase classname="testclasses.CheckoutTest" name="VerifyPaymentSummery">
    <skipped/>
  </testcase> <!-- VerifyPaymentSummery -->
  <system-out/>
</testsuite> <!-- testclasses.CheckoutTest -->
