<?xml version="1.0" encoding="UTF-8"?>
<!-- Generated by org.testng.reporters.JUnitReportReporter -->
<testsuite hostname="DSK-4074" failures="0" tests="4" name="testclasses.ProductTest" time="2.815" errors="0" timestamp="2024-02-06T16:41:20 IST" skipped="0">
  <testcase classname="testclasses.ProductTest" name="ChooseGreenColor" time="0.070"/>
  <system-out/>
  <testcase classname="testclasses.ProductTest" name="ChooseGreenColor" time="0.267"/>
  <system-out/>
  <testcase classname="testclasses.ProductTest" name="verifyWishList" time="1.404"/>
  <system-out/>
  <testcase classname="testclasses.ProductTest" name="verifyWishList" time="1.074"/>
  <system-out/>
</testsuite> <!-- testclasses.ProductTest -->
