<?xml version="1.0" encoding="UTF-8"?>
<!-- Generated by org.testng.reporters.JUnitReportReporter -->
<testsuite hostname="DSK-4074" failures="0" tests="4" name="testclasses.HomeTest" time="1.463" errors="0" timestamp="2024-05-27T17:34:38 IST" skipped="0">
  <testcase classname="testclasses.HomeTest" name="validateTitleofPage" time="0.005"/>
  <system-out/>
  <testcase classname="testclasses.HomeTest" name="validateTitleofPage" time="0.008"/>
  <system-out/>
  <testcase classname="testclasses.HomeTest" name="clickingOnAPPARELandSHOES" time="0.736"/>
  <system-out/>
  <testcase classname="testclasses.HomeTest" name="clickingOnAPPARELandSHOES" time="0.714"/>
  <system-out/>
</testsuite> <!-- testclasses.HomeTest -->
