<?xml version="1.0" encoding="UTF-8"?>
<!-- Generated by org.testng.reporters.JUnitReportReporter -->
<testsuite hostname="DSK-4074" failures="0" tests="4" name="testclasses.ProductTest" time="2.677" errors="0" timestamp="2024-05-27T17:34:38 IST" skipped="0">
  <testcase classname="testclasses.ProductTest" name="ChooseGreenColor" time="0.237"/>
  <system-out/>
  <testcase classname="testclasses.ProductTest" name="ChooseGreenColor" time="0.073"/>
  <system-out/>
  <testcase classname="testclasses.ProductTest" name="verifyWishList" time="1.268"/>
  <system-out/>
  <testcase classname="testclasses.ProductTest" name="verifyWishList" time="1.099"/>
  <system-out/>
</testsuite> <!-- testclasses.ProductTest -->
