<?xml version="1.0" encoding="UTF-8"?>
<!-- Generated by org.testng.reporters.JUnitReportReporter -->
<testsuite hostname="DSK-4074" failures="0" tests="4" name="testclasses.ProductTest" time="2.627" errors="0" timestamp="2024-02-14T11:40:33 IST" skipped="0">
  <testcase classname="testclasses.ProductTest" name="ChooseGreenColor" time="0.240"/>
  <system-out/>
  <testcase classname="testclasses.ProductTest" name="ChooseGreenColor" time="0.068"/>
  <system-out/>
  <testcase classname="testclasses.ProductTest" name="verifyWishList" time="1.210"/>
  <system-out/>
  <testcase classname="testclasses.ProductTest" name="verifyWishList" time="1.109"/>
  <system-out/>
</testsuite> <!-- testclasses.ProductTest -->
