<?xml version="1.0" encoding="UTF-8"?>
<!-- Generated by org.testng.reporters.JUnitReportReporter -->
<testsuite hostname="DSK-4074" failures="0" tests="4" name="testclasses.ProductTest" time="2.916" errors="0" timestamp="2024-02-06T17:18:11 IST" skipped="0">
  <testcase classname="testclasses.ProductTest" name="ChooseGreenColor" time="0.057"/>
  <system-out/>
  <testcase classname="testclasses.ProductTest" name="ChooseGreenColor" time="0.236"/>
  <system-out/>
  <testcase classname="testclasses.ProductTest" name="verifyWishList" time="1.383"/>
  <system-out/>
  <testcase classname="testclasses.ProductTest" name="verifyWishList" time="1.240"/>
  <system-out/>
</testsuite> <!-- testclasses.ProductTest -->
